  GUA_OM.cpp
F:\BasicCG\quizs\practice\ResolvingLinear\OpenMesh_EX\OpenMesh_EX\Mesh\GUA_OM.cpp(78,31): warning C4996: 'OpenMesh::Iterators::GenericIteratorT<OpenMesh::PolyConnectivity::This,OpenMesh::ArrayKernel::FaceHandle,OpenMesh::ArrayKernel,{&OpenMesh::ArrayKernel::has_face_status,0},{&OpenMesh::ArrayKernel::[thunk]: __thiscall OpenMesh::ArrayKernel::`vcall'{16,{flat}}' }',0}>::operator OpenMesh::FaceHandle': Implicit casts of iterators are unsafe. Use dereferencing operators -> and * instead.
F:\BasicCG\quizs\practice\ResolvingLinear\OpenMesh_EX\OpenMesh_EX\Mesh\GUA_OM.cpp(80,34): warning C4996: 'OpenMesh::Iterators::GenericCirculatorT_DEPRECATED<OpenMesh::PolyConnectivity::This,OpenMesh::ArrayKernel::FaceHandle,OpenMesh::ArrayKernel::VertexHandle,{&OpenMesh::Iterators::GenericCirculatorBaseT<OpenMesh::PolyConnectivity::This>::toVertexHandle,0}>::handle': This function clutters your code. Use dereferencing operators -> and * instead.
F:\BasicCG\quizs\practice\ResolvingLinear\OpenMesh_EX\OpenMesh_EX\Mesh\GUA_OM.cpp(81,33): warning C4996: 'OpenMesh::Iterators::GenericCirculatorT_DEPRECATED<OpenMesh::PolyConnectivity::This,OpenMesh::ArrayKernel::FaceHandle,OpenMesh::ArrayKernel::VertexHandle,{&OpenMesh::Iterators::GenericCirculatorBaseT<OpenMesh::PolyConnectivity::This>::toVertexHandle,0}>::handle': This function clutters your code. Use dereferencing operators -> and * instead.
F:\BasicCG\quizs\practice\ResolvingLinear\OpenMesh_EX\OpenMesh_EX\Mesh\GUA_OM.cpp(99,38): warning C4996: 'OpenMesh::Iterators::GenericIteratorT<OpenMesh::PolyConnectivity::This,OpenMesh::ArrayKernel::EdgeHandle,OpenMesh::ArrayKernel,{&OpenMesh::ArrayKernel::has_edge_status,0},{&OpenMesh::ArrayKernel::[thunk]: __thiscall OpenMesh::ArrayKernel::`vcall'{12,{flat}}' }',0}>::handle': This function clutters your code. Use dereferencing operators -> and * instead.
F:\BasicCG\quizs\practice\ResolvingLinear\OpenMesh_EX\OpenMesh_EX\Mesh\GUA_OM.cpp(157,41): warning C4996: 'OpenMesh::Iterators::GenericCirculatorT_DEPRECATED<OpenMesh::PolyConnectivity::This,OpenMesh::ArrayKernel::FaceHandle,OpenMesh::ArrayKernel::VertexHandle,{&OpenMesh::Iterators::GenericCirculatorBaseT<OpenMesh::PolyConnectivity::This>::toVertexHandle,0}>::operator bool': Do not use this error prone implicit cast. Compare to end-iterator or use is_valid(), instead.
F:\BasicCG\quizs\practice\ResolvingLinear\OpenMesh_EX\OpenMesh_EX\Mesh\GUA_OM.cpp(159,35): warning C4996: 'OpenMesh::Iterators::GenericCirculatorT_DEPRECATED<OpenMesh::PolyConnectivity::This,OpenMesh::ArrayKernel::FaceHandle,OpenMesh::ArrayKernel::VertexHandle,{&OpenMesh::Iterators::GenericCirculatorBaseT<OpenMesh::PolyConnectivity::This>::toVertexHandle,0}>::handle': This function clutters your code. Use dereferencing operators -> and * instead.
F:\BasicCG\quizs\practice\ResolvingLinear\OpenMesh_EX\OpenMesh_EX\Mesh\GUA_OM.cpp(160,34): warning C4996: 'OpenMesh::Iterators::GenericCirculatorT_DEPRECATED<OpenMesh::PolyConnectivity::This,OpenMesh::ArrayKernel::FaceHandle,OpenMesh::ArrayKernel::VertexHandle,{&OpenMesh::Iterators::GenericCirculatorBaseT<OpenMesh::PolyConnectivity::This>::toVertexHandle,0}>::handle': This function clutters your code. Use dereferencing operators -> and * instead.
F:\BasicCG\quizs\practice\ResolvingLinear\OpenMesh_EX\OpenMesh_EX\Mesh\GUA_OM.cpp(269,42): warning C4996: 'OpenMesh::Iterators::GenericCirculatorT_DEPRECATED<OpenMesh::PolyConnectivity::This,OpenMesh::ArrayKernel::VertexHandle,OpenMesh::ArrayKernel::VertexHandle,{&OpenMesh::Iterators::GenericCirculatorBaseT<OpenMesh::PolyConnectivity::This>::toVertexHandle,0}>::operator bool': Do not use this error prone implicit cast. Compare to end-iterator or use is_valid(), instead.
F:\BasicCG\quizs\practice\ResolvingLinear\OpenMesh_EX\OpenMesh_EX\Mesh\GUA_OM.cpp(270,12): warning C4996: 'OpenMesh::Iterators::GenericCirculatorT_DEPRECATED<OpenMesh::PolyConnectivity::This,OpenMesh::ArrayKernel::VertexHandle,OpenMesh::ArrayKernel::VertexHandle,{&OpenMesh::Iterators::GenericCirculatorBaseT<OpenMesh::PolyConnectivity::This>::toVertexHandle,0}>::handle': This function clutters your code. Use dereferencing operators -> and * instead.
F:\BasicCG\quizs\practice\ResolvingLinear\OpenMesh_EX\OpenMesh_EX\Mesh\GUA_OM.cpp(303,49): warning C4996: 'OpenMesh::Iterators::GenericCirculatorT_DEPRECATED<OpenMesh::PolyConnectivity::This,OpenMesh::ArrayKernel::FaceHandle,OpenMesh::ArrayKernel::FaceHandle,{&OpenMesh::Iterators::GenericCirculatorBaseT<OpenMesh::PolyConnectivity::This>::toOppositeFaceHandle,0}>::operator bool': Do not use this error prone implicit cast. Compare to end-iterator or use is_valid(), instead.
F:\BasicCG\quizs\practice\ResolvingLinear\OpenMesh_EX\OpenMesh_EX\Mesh\GUA_OM.cpp(305,22): warning C4996: 'OpenMesh::Iterators::GenericCirculatorT_DEPRECATED<OpenMesh::PolyConnectivity::This,OpenMesh::ArrayKernel::FaceHandle,OpenMesh::ArrayKernel::FaceHandle,{&OpenMesh::Iterators::GenericCirculatorBaseT<OpenMesh::PolyConnectivity::This>::toOppositeFaceHandle,0}>::handle': This function clutters your code. Use dereferencing operators -> and * instead.
F:\BasicCG\quizs\practice\ResolvingLinear\OpenMesh_EX\OpenMesh_EX\Mesh\GUA_OM.cpp(307,39): warning C4996: 'OpenMesh::Iterators::GenericCirculatorT_DEPRECATED<OpenMesh::PolyConnectivity::This,OpenMesh::ArrayKernel::FaceHandle,OpenMesh::ArrayKernel::FaceHandle,{&OpenMesh::Iterators::GenericCirculatorBaseT<OpenMesh::PolyConnectivity::This>::toOppositeFaceHandle,0}>::handle': This function clutters your code. Use dereferencing operators -> and * instead.
F:\BasicCG\quizs\practice\ResolvingLinear\OpenMesh_EX\OpenMesh_EX\Mesh\GUA_OM.cpp(308,19): warning C4996: 'OpenMesh::Iterators::GenericCirculatorT_DEPRECATED<OpenMesh::PolyConnectivity::This,OpenMesh::ArrayKernel::FaceHandle,OpenMesh::ArrayKernel::FaceHandle,{&OpenMesh::Iterators::GenericCirculatorBaseT<OpenMesh::PolyConnectivity::This>::toOppositeFaceHandle,0}>::handle': This function clutters your code. Use dereferencing operators -> and * instead.
F:\BasicCG\quizs\practice\ResolvingLinear\OpenMesh_EX\OpenMesh_EX\Mesh\GUA_OM.cpp(338,20): warning C4996: 'OpenMesh::Iterators::GenericCirculatorT_DEPRECATED<OpenMesh::PolyConnectivity::This,OpenMesh::ArrayKernel::FaceHandle,OpenMesh::ArrayKernel::VertexHandle,{&OpenMesh::Iterators::GenericCirculatorBaseT<OpenMesh::PolyConnectivity::This>::toVertexHandle,0}>::operator bool': Do not use this error prone implicit cast. Compare to end-iterator or use is_valid(), instead.
F:\BasicCG\quizs\practice\ResolvingLinear\OpenMesh_EX\OpenMesh_EX\Mesh\GUA_OM.cpp(340,20): warning C4996: 'OpenMesh::Iterators::GenericCirculatorT_DEPRECATED<OpenMesh::PolyConnectivity::This,OpenMesh::ArrayKernel::FaceHandle,OpenMesh::ArrayKernel::VertexHandle,{&OpenMesh::Iterators::GenericCirculatorBaseT<OpenMesh::PolyConnectivity::This>::toVertexHandle,0}>::handle': This function clutters your code. Use dereferencing operators -> and * instead.
F:\BasicCG\quizs\practice\ResolvingLinear\OpenMesh_EX\OpenMesh_EX\Mesh\GUA_OM.cpp(387,49): warning C4996: 'OpenMesh::Iterators::GenericCirculatorT_DEPRECATED<OpenMesh::PolyConnectivity::This,OpenMesh::ArrayKernel::FaceHandle,OpenMesh::ArrayKernel::FaceHandle,{&OpenMesh::Iterators::GenericCirculatorBaseT<OpenMesh::PolyConnectivity::This>::toOppositeFaceHandle,0}>::operator bool': Do not use this error prone implicit cast. Compare to end-iterator or use is_valid(), instead.
F:\BasicCG\quizs\practice\ResolvingLinear\OpenMesh_EX\OpenMesh_EX\Mesh\GUA_OM.cpp(389,22): warning C4996: 'OpenMesh::Iterators::GenericCirculatorT_DEPRECATED<OpenMesh::PolyConnectivity::This,OpenMesh::ArrayKernel::FaceHandle,OpenMesh::ArrayKernel::FaceHandle,{&OpenMesh::Iterators::GenericCirculatorBaseT<OpenMesh::PolyConnectivity::This>::toOppositeFaceHandle,0}>::handle': This function clutters your code. Use dereferencing operators -> and * instead.
F:\BasicCG\quizs\practice\ResolvingLinear\OpenMesh_EX\OpenMesh_EX\Mesh\GUA_OM.cpp(391,39): warning C4996: 'OpenMesh::Iterators::GenericCirculatorT_DEPRECATED<OpenMesh::PolyConnectivity::This,OpenMesh::ArrayKernel::FaceHandle,OpenMesh::ArrayKernel::FaceHandle,{&OpenMesh::Iterators::GenericCirculatorBaseT<OpenMesh::PolyConnectivity::This>::toOppositeFaceHandle,0}>::handle': This function clutters your code. Use dereferencing operators -> and * instead.
F:\BasicCG\quizs\practice\ResolvingLinear\OpenMesh_EX\OpenMesh_EX\Mesh\GUA_OM.cpp(392,19): warning C4996: 'OpenMesh::Iterators::GenericCirculatorT_DEPRECATED<OpenMesh::PolyConnectivity::This,OpenMesh::ArrayKernel::FaceHandle,OpenMesh::ArrayKernel::FaceHandle,{&OpenMesh::Iterators::GenericCirculatorBaseT<OpenMesh::PolyConnectivity::This>::toOppositeFaceHandle,0}>::handle': This function clutters your code. Use dereferencing operators -> and * instead.
F:\BasicCG\quizs\practice\ResolvingLinear\OpenMesh_EX\OpenMesh_EX\Mesh\GUA_OM.cpp(426,20): warning C4996: 'OpenMesh::Iterators::GenericCirculatorT_DEPRECATED<OpenMesh::PolyConnectivity::This,OpenMesh::ArrayKernel::FaceHandle,OpenMesh::ArrayKernel::VertexHandle,{&OpenMesh::Iterators::GenericCirculatorBaseT<OpenMesh::PolyConnectivity::This>::toVertexHandle,0}>::operator bool': Do not use this error prone implicit cast. Compare to end-iterator or use is_valid(), instead.
F:\BasicCG\quizs\practice\ResolvingLinear\OpenMesh_EX\OpenMesh_EX\Mesh\GUA_OM.cpp(428,20): warning C4996: 'OpenMesh::Iterators::GenericCirculatorT_DEPRECATED<OpenMesh::PolyConnectivity::This,OpenMesh::ArrayKernel::FaceHandle,OpenMesh::ArrayKernel::VertexHandle,{&OpenMesh::Iterators::GenericCirculatorBaseT<OpenMesh::PolyConnectivity::This>::toVertexHandle,0}>::handle': This function clutters your code. Use dereferencing operators -> and * instead.
F:\BasicCG\quizs\practice\ResolvingLinear\OpenMesh_EX\OpenMesh_EX\Mesh\GUA_OM.cpp(464,19): warning C4996: 'OpenMesh::Iterators::GenericIteratorT<OpenMesh::PolyConnectivity::This,OpenMesh::ArrayKernel::VertexHandle,OpenMesh::ArrayKernel,{&OpenMesh::ArrayKernel::has_vertex_status,0},{&OpenMesh::ArrayKernel::[thunk]: __thiscall OpenMesh::ArrayKernel::`vcall'{4,{flat}}' }',0}>::operator OpenMesh::VertexHandle': Implicit casts of iterators are unsafe. Use dereferencing operators -> and * instead.
F:\BasicCG\quizs\practice\ResolvingLinear\OpenMesh_EX\OpenMesh_EX\Mesh\GUA_OM.cpp(465,17): warning C4996: 'OpenMesh::Iterators::GenericIteratorT<OpenMesh::PolyConnectivity::This,OpenMesh::ArrayKernel::VertexHandle,OpenMesh::ArrayKernel,{&OpenMesh::ArrayKernel::has_vertex_status,0},{&OpenMesh::ArrayKernel::[thunk]: __thiscall OpenMesh::ArrayKernel::`vcall'{4,{flat}}' }',0}>::handle': This function clutters your code. Use dereferencing operators -> and * instead.
F:\BasicCG\quizs\practice\ResolvingLinear\OpenMesh_EX\OpenMesh_EX\Mesh\GUA_OM.cpp(480,34): warning C4305: 'argument': truncation from 'double' to 'GLfloat'
F:\BasicCG\quizs\practice\ResolvingLinear\OpenMesh_EX\OpenMesh_EX\Mesh\GUA_OM.cpp(483,26): warning C4996: 'OpenMesh::Iterators::GenericIteratorT<OpenMesh::PolyConnectivity::This,OpenMesh::ArrayKernel::FaceHandle,OpenMesh::ArrayKernel,{&OpenMesh::ArrayKernel::has_face_status,0},{&OpenMesh::ArrayKernel::[thunk]: __thiscall OpenMesh::ArrayKernel::`vcall'{16,{flat}}' }',0}>::operator OpenMesh::FaceHandle': Implicit casts of iterators are unsafe. Use dereferencing operators -> and * instead.
F:\BasicCG\quizs\practice\ResolvingLinear\OpenMesh_EX\OpenMesh_EX\Mesh\GUA_OM.cpp(485,29): warning C4996: 'OpenMesh::Iterators::GenericCirculatorT_DEPRECATED<OpenMesh::PolyConnectivity::This,OpenMesh::ArrayKernel::FaceHandle,OpenMesh::ArrayKernel::VertexHandle,{&OpenMesh::Iterators::GenericCirculatorBaseT<OpenMesh::PolyConnectivity::This>::toVertexHandle,0}>::handle': This function clutters your code. Use dereferencing operators -> and * instead.
F:\BasicCG\quizs\practice\ResolvingLinear\OpenMesh_EX\OpenMesh_EX\Mesh\GUA_OM.cpp(486,28): warning C4996: 'OpenMesh::Iterators::GenericCirculatorT_DEPRECATED<OpenMesh::PolyConnectivity::This,OpenMesh::ArrayKernel::FaceHandle,OpenMesh::ArrayKernel::VertexHandle,{&OpenMesh::Iterators::GenericCirculatorBaseT<OpenMesh::PolyConnectivity::This>::toVertexHandle,0}>::handle': This function clutters your code. Use dereferencing operators -> and * instead.
F:\BasicCG\quizs\practice\ResolvingLinear\OpenMesh_EX\OpenMesh_EX\Mesh\GUA_OM.cpp(510,32): warning C4305: 'argument': truncation from 'double' to 'GLfloat'
F:\BasicCG\quizs\practice\ResolvingLinear\OpenMesh_EX\OpenMesh_EX\Mesh\GUA_OM.cpp(513,25): warning C4996: 'OpenMesh::Iterators::GenericIteratorT<OpenMesh::PolyConnectivity::This,OpenMesh::ArrayKernel::FaceHandle,OpenMesh::ArrayKernel,{&OpenMesh::ArrayKernel::has_face_status,0},{&OpenMesh::ArrayKernel::[thunk]: __thiscall OpenMesh::ArrayKernel::`vcall'{16,{flat}}' }',0}>::operator OpenMesh::FaceHandle': Implicit casts of iterators are unsafe. Use dereferencing operators -> and * instead.
F:\BasicCG\quizs\practice\ResolvingLinear\OpenMesh_EX\OpenMesh_EX\Mesh\GUA_OM.cpp(516,27): warning C4996: 'OpenMesh::Iterators::GenericCirculatorT_DEPRECATED<OpenMesh::PolyConnectivity::This,OpenMesh::ArrayKernel::FaceHandle,OpenMesh::ArrayKernel::VertexHandle,{&OpenMesh::Iterators::GenericCirculatorBaseT<OpenMesh::PolyConnectivity::This>::toVertexHandle,0}>::handle': This function clutters your code. Use dereferencing operators -> and * instead.
F:\BasicCG\quizs\practice\ResolvingLinear\OpenMesh_EX\OpenMesh_EX\Mesh\GUA_OM.cpp(532,46): warning C4996: 'OpenMesh::Iterators::GenericIteratorT<OpenMesh::PolyConnectivity::This,OpenMesh::ArrayKernel::EdgeHandle,OpenMesh::ArrayKernel,{&OpenMesh::ArrayKernel::has_edge_status,0},{&OpenMesh::ArrayKernel::[thunk]: __thiscall OpenMesh::ArrayKernel::`vcall'{12,{flat}}' }',0}>::handle': This function clutters your code. Use dereferencing operators -> and * instead.
F:\BasicCG\quizs\practice\ResolvingLinear\OpenMesh_EX\OpenMesh_EX\Mesh\GUA_OM.cpp(555,48): warning C4244: 'argument': conversion from 'Scalar' to '_Ty', possible loss of data
          with
          [
              Scalar=double
          ]
          and
          [
              _Ty=float
          ]
F:\BasicCG\quizs\practice\ResolvingLinear\OpenMesh_EX\OpenMesh_EX\Mesh\GUA_OM.cpp(556,48): warning C4244: 'argument': conversion from 'Scalar' to '_Ty', possible loss of data
          with
          [
              Scalar=double
          ]
          and
          [
              _Ty=float
          ]
F:\BasicCG\quizs\practice\ResolvingLinear\OpenMesh_EX\OpenMesh_EX\Mesh\GUA_OM.cpp(557,48): warning C4244: 'argument': conversion from 'Scalar' to '_Ty', possible loss of data
          with
          [
              Scalar=double
          ]
          and
          [
              _Ty=float
          ]
F:\BasicCG\quizs\practice\ResolvingLinear\OpenMesh_EX\OpenMesh_EX\Mesh\GUA_OM.cpp(553,24): warning C4996: 'OpenMesh::Iterators::GenericIteratorT<OpenMesh::PolyConnectivity::This,OpenMesh::ArrayKernel::FaceHandle,OpenMesh::ArrayKernel,{&OpenMesh::ArrayKernel::has_face_status,0},{&OpenMesh::ArrayKernel::[thunk]: __thiscall OpenMesh::ArrayKernel::`vcall'{16,{flat}}' }',0}>::operator OpenMesh::FaceHandle': Implicit casts of iterators are unsafe. Use dereferencing operators -> and * instead.
F:\BasicCG\quizs\practice\ResolvingLinear\OpenMesh_EX\OpenMesh_EX\Mesh\GUA_OM.cpp(555,36): warning C4996: 'OpenMesh::Iterators::GenericCirculatorT_DEPRECATED<OpenMesh::PolyConnectivity::This,OpenMesh::ArrayKernel::FaceHandle,OpenMesh::ArrayKernel::VertexHandle,{&OpenMesh::Iterators::GenericCirculatorBaseT<OpenMesh::PolyConnectivity::This>::toVertexHandle,0}>::handle': This function clutters your code. Use dereferencing operators -> and * instead.
F:\BasicCG\quizs\practice\ResolvingLinear\OpenMesh_EX\OpenMesh_EX\Mesh\GUA_OM.cpp(556,36): warning C4996: 'OpenMesh::Iterators::GenericCirculatorT_DEPRECATED<OpenMesh::PolyConnectivity::This,OpenMesh::ArrayKernel::FaceHandle,OpenMesh::ArrayKernel::VertexHandle,{&OpenMesh::Iterators::GenericCirculatorBaseT<OpenMesh::PolyConnectivity::This>::toVertexHandle,0}>::handle': This function clutters your code. Use dereferencing operators -> and * instead.
F:\BasicCG\quizs\practice\ResolvingLinear\OpenMesh_EX\OpenMesh_EX\Mesh\GUA_OM.cpp(557,36): warning C4996: 'OpenMesh::Iterators::GenericCirculatorT_DEPRECATED<OpenMesh::PolyConnectivity::This,OpenMesh::ArrayKernel::FaceHandle,OpenMesh::ArrayKernel::VertexHandle,{&OpenMesh::Iterators::GenericCirculatorBaseT<OpenMesh::PolyConnectivity::This>::toVertexHandle,0}>::handle': This function clutters your code. Use dereferencing operators -> and * instead.
F:\BasicCG\quizs\practice\ResolvingLinear\OpenMesh_EX\OpenMesh_EX\Mesh\GUA_OM.cpp(598,21): warning C4018: '<': signed/unsigned mismatch
F:\BasicCG\quizs\practice\ResolvingLinear\OpenMesh_EX\OpenMesh_EX\Mesh\GUA_OM.cpp(599,26): warning C4018: '<': signed/unsigned mismatch
F:\BasicCG\quizs\practice\ResolvingLinear\OpenMesh_EX\OpenMesh_EX\Mesh\GUA_OM.cpp(690,34): warning C4244: 'argument': conversion from 'Scalar' to '_Ty', possible loss of data
          with
          [
              Scalar=double
          ]
          and
          [
              _Ty=float
          ]
F:\BasicCG\quizs\practice\ResolvingLinear\OpenMesh_EX\OpenMesh_EX\Mesh\GUA_OM.cpp(691,34): warning C4244: 'argument': conversion from 'Scalar' to '_Ty', possible loss of data
          with
          [
              Scalar=double
          ]
          and
          [
              _Ty=float
          ]
F:\BasicCG\quizs\practice\ResolvingLinear\OpenMesh_EX\OpenMesh_EX\Mesh\GUA_OM.cpp(692,34): warning C4244: 'argument': conversion from 'Scalar' to '_Ty', possible loss of data
          with
          [
              Scalar=double
          ]
          and
          [
              _Ty=float
          ]
F:\BasicCG\quizs\practice\ResolvingLinear\OpenMesh_EX\OpenMesh_EX\Mesh\GUA_OM.cpp(575,30): warning C4996: 'OpenMesh::Iterators::GenericCirculatorT_DEPRECATED<OpenMesh::PolyConnectivity::This,OpenMesh::ArrayKernel::FaceHandle,OpenMesh::ArrayKernel::VertexHandle,{&OpenMesh::Iterators::GenericCirculatorBaseT<OpenMesh::PolyConnectivity::This>::toVertexHandle,0}>::operator bool': Do not use this error prone implicit cast. Compare to end-iterator or use is_valid(), instead.
F:\BasicCG\quizs\practice\ResolvingLinear\OpenMesh_EX\OpenMesh_EX\Mesh\GUA_OM.cpp(577,28): warning C4996: 'OpenMesh::Iterators::GenericCirculatorT_DEPRECATED<OpenMesh::PolyConnectivity::This,OpenMesh::ArrayKernel::FaceHandle,OpenMesh::ArrayKernel::VertexHandle,{&OpenMesh::Iterators::GenericCirculatorBaseT<OpenMesh::PolyConnectivity::This>::toVertexHandle,0}>::handle': This function clutters your code. Use dereferencing operators -> and * instead.
F:\BasicCG\quizs\practice\ResolvingLinear\OpenMesh_EX\OpenMesh_EX\Mesh\GUA_OM.cpp(593,30): warning C4996: 'OpenMesh::Iterators::GenericCirculatorT_DEPRECATED<OpenMesh::PolyConnectivity::This,OpenMesh::ArrayKernel::FaceHandle,OpenMesh::ArrayKernel::VertexHandle,{&OpenMesh::Iterators::GenericCirculatorBaseT<OpenMesh::PolyConnectivity::This>::toVertexHandle,0}>::operator bool': Do not use this error prone implicit cast. Compare to end-iterator or use is_valid(), instead.
F:\BasicCG\quizs\practice\ResolvingLinear\OpenMesh_EX\OpenMesh_EX\Mesh\GUA_OM.cpp(595,28): warning C4996: 'OpenMesh::Iterators::GenericCirculatorT_DEPRECATED<OpenMesh::PolyConnectivity::This,OpenMesh::ArrayKernel::FaceHandle,OpenMesh::ArrayKernel::VertexHandle,{&OpenMesh::Iterators::GenericCirculatorBaseT<OpenMesh::PolyConnectivity::This>::toVertexHandle,0}>::handle': This function clutters your code. Use dereferencing operators -> and * instead.
F:\BasicCG\quizs\practice\ResolvingLinear\OpenMesh_EX\OpenMesh_EX\Mesh\GUA_OM.cpp(706,20): warning C4018: '<': signed/unsigned mismatch
F:\BasicCG\quizs\practice\ResolvingLinear\OpenMesh_EX\OpenMesh_EX\Mesh\GUA_OM.cpp(710,35): warning C4244: '+=': conversion from 'Scalar' to 'float', possible loss of data
          with
          [
              Scalar=double
          ]
F:\BasicCG\quizs\practice\ResolvingLinear\OpenMesh_EX\OpenMesh_EX\Mesh\GUA_OM.cpp(715,35): warning C4244: '+=': conversion from 'Scalar' to 'float', possible loss of data
          with
          [
              Scalar=double
          ]
F:\BasicCG\quizs\practice\ResolvingLinear\OpenMesh_EX\OpenMesh_EX\Mesh\GUA_OM.cpp(730,20): warning C4018: '<': signed/unsigned mismatch
F:\BasicCG\quizs\practice\ResolvingLinear\OpenMesh_EX\OpenMesh_EX\Mesh\GUA_OM.cpp(733,23): warning C4244: 'initializing': conversion from 'Scalar' to 'float', possible loss of data
          with
          [
              Scalar=double
          ]
F:\BasicCG\quizs\practice\ResolvingLinear\OpenMesh_EX\OpenMesh_EX\Mesh\GUA_OM.cpp(747,21): warning C4018: '<': signed/unsigned mismatch
F:\BasicCG\quizs\practice\ResolvingLinear\OpenMesh_EX\OpenMesh_EX\Mesh\GUA_OM.cpp(798,21): warning C4018: '<': signed/unsigned mismatch
F:\BasicCG\quizs\practice\ResolvingLinear\OpenMesh_EX\OpenMesh_EX\Mesh\GUA_OM.cpp(804,23): warning C4018: '<': signed/unsigned mismatch
F:\BasicCG\quizs\practice\ResolvingLinear\OpenMesh_EX\OpenMesh_EX\Mesh\GUA_OM.cpp(811,23): warning C4018: '<': signed/unsigned mismatch
F:\BasicCG\quizs\practice\ResolvingLinear\OpenMesh_EX\OpenMesh_EX\Mesh\GUA_OM.cpp(834,21): warning C4018: '<': signed/unsigned mismatch
F:\BasicCG\quizs\practice\ResolvingLinear\OpenMesh_EX\OpenMesh_EX\Mesh\GUA_OM.cpp(835,22): warning C4018: '<': signed/unsigned mismatch
F:\BasicCG\quizs\practice\ResolvingLinear\OpenMesh_EX\OpenMesh_EX\Mesh\GUA_OM.cpp(841,21): warning C4018: '<': signed/unsigned mismatch
F:\BasicCG\quizs\practice\ResolvingLinear\OpenMesh_EX\OpenMesh_EX\Mesh\GUA_OM.cpp(846,21): warning C4018: '<': signed/unsigned mismatch
F:\BasicCG\quizs\practice\ResolvingLinear\OpenMesh_EX\OpenMesh_EX\Mesh\GUA_OM.cpp(851,21): warning C4018: '<': signed/unsigned mismatch
F:\BasicCG\quizs\practice\ResolvingLinear\OpenMesh_EX\OpenMesh_EX\Mesh\GUA_OM.cpp(856,36): warning C4244: 'argument': conversion from 'Scalar' to '_Ty', possible loss of data
          with
          [
              Scalar=double
          ]
          and
          [
              _Ty=float
          ]
F:\BasicCG\quizs\practice\ResolvingLinear\OpenMesh_EX\OpenMesh_EX\Mesh\GUA_OM.cpp(857,36): warning C4244: 'argument': conversion from 'Scalar' to '_Ty', possible loss of data
          with
          [
              Scalar=double
          ]
          and
          [
              _Ty=float
          ]
F:\BasicCG\quizs\practice\ResolvingLinear\OpenMesh_EX\OpenMesh_EX\Mesh\GUA_OM.cpp(871,30): warning C4244: 'argument': conversion from 'Scalar' to '_Ty', possible loss of data
          with
          [
              Scalar=double
          ]
          and
          [
              _Ty=float
          ]
F:\BasicCG\quizs\practice\ResolvingLinear\OpenMesh_EX\OpenMesh_EX\Mesh\GUA_OM.cpp(872,30): warning C4244: 'argument': conversion from 'Scalar' to '_Ty', possible loss of data
          with
          [
              Scalar=double
          ]
          and
          [
              _Ty=float
          ]
F:\BasicCG\quizs\practice\ResolvingLinear\OpenMesh_EX\OpenMesh_EX\Mesh\GUA_OM.cpp(884,20): warning C4018: '<': signed/unsigned mismatch
F:\BasicCG\quizs\practice\ResolvingLinear\OpenMesh_EX\OpenMesh_EX\Mesh\GUA_OM.cpp(888,34): warning C4244: 'argument': conversion from 'Scalar' to '_Ty', possible loss of data
          with
          [
              Scalar=double
          ]
          and
          [
              _Ty=float
          ]
F:\BasicCG\quizs\practice\ResolvingLinear\OpenMesh_EX\OpenMesh_EX\Mesh\GUA_OM.cpp(889,34): warning C4244: 'argument': conversion from 'Scalar' to '_Ty', possible loss of data
          with
          [
              Scalar=double
          ]
          and
          [
              _Ty=float
          ]
F:\BasicCG\quizs\practice\ResolvingLinear\OpenMesh_EX\OpenMesh_EX\Mesh\GUA_OM.cpp(892,34): warning C4244: 'argument': conversion from 'Scalar' to '_Ty', possible loss of data
          with
          [
              Scalar=double
          ]
          and
          [
              _Ty=float
          ]
F:\BasicCG\quizs\practice\ResolvingLinear\OpenMesh_EX\OpenMesh_EX\Mesh\GUA_OM.cpp(893,34): warning C4244: 'argument': conversion from 'Scalar' to '_Ty', possible loss of data
          with
          [
              Scalar=double
          ]
          and
          [
              _Ty=float
          ]
F:\BasicCG\quizs\practice\ResolvingLinear\OpenMesh_EX\OpenMesh_EX\Mesh\GUA_OM.cpp(901,34): warning C4244: 'argument': conversion from 'Scalar' to '_Ty', possible loss of data
          with
          [
              Scalar=double
          ]
          and
          [
              _Ty=float
          ]
F:\BasicCG\quizs\practice\ResolvingLinear\OpenMesh_EX\OpenMesh_EX\Mesh\GUA_OM.cpp(902,34): warning C4244: 'argument': conversion from 'Scalar' to '_Ty', possible loss of data
          with
          [
              Scalar=double
          ]
          and
          [
              _Ty=float
          ]
F:\BasicCG\quizs\practice\ResolvingLinear\OpenMesh_EX\OpenMesh_EX\Mesh\GUA_OM.cpp(905,34): warning C4244: 'argument': conversion from 'Scalar' to '_Ty', possible loss of data
          with
          [
              Scalar=double
          ]
          and
          [
              _Ty=float
          ]
F:\BasicCG\quizs\practice\ResolvingLinear\OpenMesh_EX\OpenMesh_EX\Mesh\GUA_OM.cpp(906,34): warning C4244: 'argument': conversion from 'Scalar' to '_Ty', possible loss of data
          with
          [
              Scalar=double
          ]
          and
          [
              _Ty=float
          ]
F:\BasicCG\quizs\practice\ResolvingLinear\OpenMesh_EX\OpenMesh_EX\Mesh\GUA_OM.cpp(744,32): warning C4996: 'OpenMesh::Iterators::GenericCirculatorT_DEPRECATED<OpenMesh::PolyConnectivity::This,OpenMesh::ArrayKernel::VertexHandle,OpenMesh::ArrayKernel::HalfedgeHandle,{&OpenMesh::Iterators::GenericCirculatorBaseT<OpenMesh::PolyConnectivity::This>::toHalfedgeHandle,0}>::operator bool': Do not use this error prone implicit cast. Compare to end-iterator or use is_valid(), instead.
F:\BasicCG\quizs\practice\ResolvingLinear\OpenMesh_EX\OpenMesh_EX\Mesh\GUA_OM.cpp(745,24): warning C4996: 'OpenMesh::Iterators::GenericCirculatorT_DEPRECATED<OpenMesh::PolyConnectivity::This,OpenMesh::ArrayKernel::VertexHandle,OpenMesh::ArrayKernel::HalfedgeHandle,{&OpenMesh::Iterators::GenericCirculatorBaseT<OpenMesh::PolyConnectivity::This>::toHalfedgeHandle,0}>::handle': This function clutters your code. Use dereferencing operators -> and * instead.
F:\BasicCG\quizs\practice\ResolvingLinear\OpenMesh_EX\OpenMesh_EX\Mesh\GUA_OM.cpp(801,52): warning C4996: 'OpenMesh::Iterators::GenericCirculatorT_DEPRECATED<OpenMesh::PolyConnectivity::This,OpenMesh::ArrayKernel::VertexHandle,OpenMesh::ArrayKernel::HalfedgeHandle,{&OpenMesh::Iterators::GenericCirculatorBaseT<OpenMesh::PolyConnectivity::This>::toHalfedgeHandle,0}>::operator bool': Do not use this error prone implicit cast. Compare to end-iterator or use is_valid(), instead.
F:\BasicCG\quizs\practice\ResolvingLinear\OpenMesh_EX\OpenMesh_EX\Mesh\GUA_OM.cpp(803,41): warning C4996: 'OpenMesh::Iterators::GenericCirculatorT_DEPRECATED<OpenMesh::PolyConnectivity::This,OpenMesh::ArrayKernel::VertexHandle,OpenMesh::ArrayKernel::HalfedgeHandle,{&OpenMesh::Iterators::GenericCirculatorBaseT<OpenMesh::PolyConnectivity::This>::toHalfedgeHandle,0}>::operator OpenMesh::HalfedgeHandle': Implicit casts of iterators are unsafe. Use dereferencing operators -> and * instead.
F:\BasicCG\quizs\practice\ResolvingLinear\OpenMesh_EX\OpenMesh_EX\Mesh\GUA_OM.cpp(806,42): warning C4996: 'OpenMesh::Iterators::GenericCirculatorT_DEPRECATED<OpenMesh::PolyConnectivity::This,OpenMesh::ArrayKernel::VertexHandle,OpenMesh::ArrayKernel::HalfedgeHandle,{&OpenMesh::Iterators::GenericCirculatorBaseT<OpenMesh::PolyConnectivity::This>::toHalfedgeHandle,0}>::operator OpenMesh::HalfedgeHandle': Implicit casts of iterators are unsafe. Use dereferencing operators -> and * instead.
F:\BasicCG\quizs\practice\ResolvingLinear\OpenMesh_EX\OpenMesh_EX\Mesh\GUA_OM.cpp(818,35): warning C4996: 'OpenMesh::Iterators::GenericCirculatorT_DEPRECATED<OpenMesh::PolyConnectivity::This,OpenMesh::ArrayKernel::VertexHandle,OpenMesh::ArrayKernel::HalfedgeHandle,{&OpenMesh::Iterators::GenericCirculatorBaseT<OpenMesh::PolyConnectivity::This>::toHalfedgeHandle,0}>::operator OpenMesh::HalfedgeHandle': Implicit casts of iterators are unsafe. Use dereferencing operators -> and * instead.
F:\BasicCG\quizs\practice\ResolvingLinear\OpenMesh_EX\OpenMesh_EX\Mesh\GUA_OM.cpp(819,35): warning C4996: 'OpenMesh::Iterators::GenericCirculatorT_DEPRECATED<OpenMesh::PolyConnectivity::This,OpenMesh::ArrayKernel::VertexHandle,OpenMesh::ArrayKernel::HalfedgeHandle,{&OpenMesh::Iterators::GenericCirculatorBaseT<OpenMesh::PolyConnectivity::This>::toHalfedgeHandle,0}>::operator OpenMesh::HalfedgeHandle': Implicit casts of iterators are unsafe. Use dereferencing operators -> and * instead.
F:\BasicCG\quizs\practice\ResolvingLinear\OpenMesh_EX\OpenMesh_EX\Mesh\GUA_OM.cpp(867,30): warning C4996: 'OpenMesh::Iterators::GenericCirculatorT_DEPRECATED<OpenMesh::PolyConnectivity::This,OpenMesh::ArrayKernel::FaceHandle,OpenMesh::ArrayKernel::VertexHandle,{&OpenMesh::Iterators::GenericCirculatorBaseT<OpenMesh::PolyConnectivity::This>::toVertexHandle,0}>::operator bool': Do not use this error prone implicit cast. Compare to end-iterator or use is_valid(), instead.
F:\BasicCG\quizs\practice\ResolvingLinear\OpenMesh_EX\OpenMesh_EX\Mesh\GUA_OM.cpp(869,28): warning C4996: 'OpenMesh::Iterators::GenericCirculatorT_DEPRECATED<OpenMesh::PolyConnectivity::This,OpenMesh::ArrayKernel::FaceHandle,OpenMesh::ArrayKernel::VertexHandle,{&OpenMesh::Iterators::GenericCirculatorBaseT<OpenMesh::PolyConnectivity::This>::toVertexHandle,0}>::handle': This function clutters your code. Use dereferencing operators -> and * instead.
F:\BasicCG\quizs\practice\ResolvingLinear\OpenMesh_EX\OpenMesh_EX\Mesh\GUA_OM.cpp(927,46): warning C4996: 'OpenMesh::Iterators::GenericIteratorT<OpenMesh::PolyConnectivity::This,OpenMesh::ArrayKernel::EdgeHandle,OpenMesh::ArrayKernel,{&OpenMesh::ArrayKernel::has_edge_status,0},{&OpenMesh::ArrayKernel::[thunk]: __thiscall OpenMesh::ArrayKernel::`vcall'{12,{flat}}' }',0}>::handle': This function clutters your code. Use dereferencing operators -> and * instead.
F:\BasicCG\quizs\practice\ResolvingLinear\OpenMesh_EX\OpenMesh_EX\Mesh\GUA_OM.cpp(946,23): warning C4996: 'OpenMesh::Iterators::GenericIteratorT<OpenMesh::PolyConnectivity::This,OpenMesh::ArrayKernel::VertexHandle,OpenMesh::ArrayKernel,{&OpenMesh::ArrayKernel::has_vertex_status,0},{&OpenMesh::ArrayKernel::[thunk]: __thiscall OpenMesh::ArrayKernel::`vcall'{4,{flat}}' }',0}>::operator OpenMesh::VertexHandle': Implicit casts of iterators are unsafe. Use dereferencing operators -> and * instead.
F:\BasicCG\quizs\practice\ResolvingLinear\OpenMesh_EX\Eigen-3.2.8\Eigen\src\Core\arch\SSE\PacketMath.h(221): warning C4793: 'Eigen::internal::pload<__m128i>': function compiled as native:
  	Found an intrinsic not supported in managed code
F:\BasicCG\quizs\practice\ResolvingLinear\OpenMesh_EX\Eigen-3.2.8\Eigen\src\Core\arch\SSE\PacketMath.h(256): warning C4793: 'Eigen::internal::ploadu<__m128i>': function compiled as native:
  	Found an intrinsic not supported in managed code
F:\BasicCG\quizs\practice\ResolvingLinear\OpenMesh_EX\Eigen-3.2.8\Eigen\src\Core\arch\SSE\PacketMath.h(221): warning C4793: 'Eigen::internal::pload<__m128i>': function compiled as native:
  	Found an intrinsic not supported in managed code
F:\BasicCG\quizs\practice\ResolvingLinear\OpenMesh_EX\Eigen-3.2.8\Eigen\src\Core\arch\SSE\PacketMath.h(256): warning C4793: 'Eigen::internal::ploadu<__m128i>': function compiled as native:
  	Found an intrinsic not supported in managed code
F:\BasicCG\quizs\practice\ResolvingLinear\OpenMesh_EX\Eigen-3.2.8\Eigen\src\Core\arch\SSE\PacketMath.h(221): warning C4793: 'Eigen::internal::pload<__m128i>': function compiled as native:
  	Found an intrinsic not supported in managed code
F:\BasicCG\quizs\practice\ResolvingLinear\OpenMesh_EX\Eigen-3.2.8\Eigen\src\Core\arch\SSE\PacketMath.h(256): warning C4793: 'Eigen::internal::ploadu<__m128i>': function compiled as native:
  	Found an intrinsic not supported in managed code
F:\BasicCG\quizs\practice\ResolvingLinear\OpenMesh_EX\Eigen-3.2.8\Eigen\src\Core\arch\SSE\PacketMath.h(124): warning C4793: 'Eigen::internal::padd<__m128i>': function compiled as native:
  	Found an intrinsic not supported in managed code
F:\BasicCG\quizs\practice\ResolvingLinear\OpenMesh_EX\Eigen-3.2.8\Eigen\src\Core\arch\SSE\PacketMath.h(221): warning C4793: 'Eigen::internal::pload<__m128i>': function compiled as native:
  	Found an intrinsic not supported in managed code
F:\BasicCG\quizs\practice\ResolvingLinear\OpenMesh_EX\Eigen-3.2.8\Eigen\src\Core\arch\SSE\PacketMath.h(256): warning C4793: 'Eigen::internal::ploadu<__m128i>': function compiled as native:
  	Found an intrinsic not supported in managed code
F:\BasicCG\quizs\practice\ResolvingLinear\OpenMesh_EX\Eigen-3.2.8\Eigen\src\Core\arch\SSE\PacketMath.h(124): warning C4793: 'Eigen::internal::padd<__m128i>': function compiled as native:
  	Found an intrinsic not supported in managed code
F:\BasicCG\quizs\practice\ResolvingLinear\OpenMesh_EX\Eigen-3.2.8\Eigen\src\Core\arch\SSE\PacketMath.h(124): warning C4793: 'Eigen::internal::padd<__m128i>': function compiled as native:
  	Found an intrinsic not supported in managed code
F:\BasicCG\quizs\practice\ResolvingLinear\OpenMesh_EX\Eigen-3.2.8\Eigen\src\Core\arch\SSE\PacketMath.h(221): warning C4793: 'Eigen::internal::pload<__m128i>': function compiled as native:
  	Found an intrinsic not supported in managed code
F:\BasicCG\quizs\practice\ResolvingLinear\OpenMesh_EX\Eigen-3.2.8\Eigen\src\Core\arch\SSE\PacketMath.h(256): warning C4793: 'Eigen::internal::ploadu<__m128i>': function compiled as native:
  	Found an intrinsic not supported in managed code
F:\BasicCG\quizs\practice\ResolvingLinear\OpenMesh_EX\Eigen-3.2.8\Eigen\src\Core\arch\SSE\PacketMath.h(124): warning C4793: 'Eigen::internal::padd<__m128i>': function compiled as native:
  	Found an intrinsic not supported in managed code
F:\BasicCG\quizs\practice\ResolvingLinear\OpenMesh_EX\OpenMesh_EX\Mesh\GUA_OM.cpp : warning C4793: 'OpenMesh::ArrayKernel::`vcall'{16}'': function compiled as native:
  	non-clrcall vcall thunks must be compiled as native
F:\BasicCG\quizs\practice\ResolvingLinear\OpenMesh_EX\OpenMesh_EX\Mesh\GUA_OM.cpp : warning C4793: 'OpenMesh::ArrayKernel::`vcall'{12}'': function compiled as native:
  	non-clrcall vcall thunks must be compiled as native
F:\BasicCG\quizs\practice\ResolvingLinear\OpenMesh_EX\OpenMesh_EX\Mesh\GUA_OM.cpp : warning C4793: 'OpenMesh::ArrayKernel::`vcall'{4}'': function compiled as native:
  	non-clrcall vcall thunks must be compiled as native
F:\BasicCG\quizs\practice\ResolvingLinear\OpenMesh_EX\OpenMesh_EX\Mesh\GUA_OM.cpp : warning C4793: 'OpenMesh::ArrayKernel::`vcall'{8}'': function compiled as native:
  	non-clrcall vcall thunks must be compiled as native
F:\BasicCG\quizs\practice\ResolvingLinear\OpenMesh_EX\Eigen-3.2.8\Eigen\src\Core\arch\SSE\PacketMath.h(221): warning C4793: 'Eigen::internal::pload<__m128i>': function compiled as native:
  	Found an intrinsic not supported in managed code
F:\BasicCG\quizs\practice\ResolvingLinear\OpenMesh_EX\Eigen-3.2.8\Eigen\src\Core\arch\SSE\PacketMath.h(256): warning C4793: 'Eigen::internal::ploadu<__m128i>': function compiled as native:
  	Found an intrinsic not supported in managed code
F:\BasicCG\quizs\practice\ResolvingLinear\OpenMesh_EX\Eigen-3.2.8\Eigen\src\Core\arch\SSE\PacketMath.h(115): warning C4793: 'Eigen::internal::pset1<__m128i>': function compiled as native:
  	Found an intrinsic not supported in managed code
F:\BasicCG\quizs\practice\ResolvingLinear\OpenMesh_EX\Eigen-3.2.8\Eigen\src\Core\arch\SSE\PacketMath.h(114): warning C4793: 'Eigen::internal::pset1<__m128d>': function compiled as native:
  	Found an intrinsic not supported in managed code
F:\BasicCG\quizs\practice\ResolvingLinear\OpenMesh_EX\Eigen-3.2.8\Eigen\src\Core\arch\SSE\PacketMath.h(220): warning C4793: 'Eigen::internal::pload<__m128d>': function compiled as native:
  	Found an intrinsic not supported in managed code
F:\BasicCG\quizs\practice\ResolvingLinear\OpenMesh_EX\Eigen-3.2.8\Eigen\src\Core\arch\SSE\PacketMath.h(251): warning C4793: 'Eigen::internal::ploadu<__m128d>': function compiled as native:
  	Found an intrinsic not supported in managed code
F:\BasicCG\quizs\practice\ResolvingLinear\OpenMesh_EX\Eigen-3.2.8\Eigen\src\Core\arch\SSE\PacketMath.h(115): warning C4793: 'Eigen::internal::pset1<__m128i>': function compiled as native:
  	Found an intrinsic not supported in managed code
F:\BasicCG\quizs\practice\ResolvingLinear\OpenMesh_EX\Eigen-3.2.8\Eigen\src\Core\arch\SSE\PacketMath.h(221): warning C4793: 'Eigen::internal::pload<__m128i>': function compiled as native:
  	Found an intrinsic not supported in managed code
F:\BasicCG\quizs\practice\ResolvingLinear\OpenMesh_EX\Eigen-3.2.8\Eigen\src\Core\arch\SSE\PacketMath.h(256): warning C4793: 'Eigen::internal::ploadu<__m128i>': function compiled as native:
  	Found an intrinsic not supported in managed code
F:\BasicCG\quizs\practice\ResolvingLinear\OpenMesh_EX\Eigen-3.2.8\Eigen\src\Core\arch\SSE\PacketMath.h(220): warning C4793: 'Eigen::internal::pload<__m128d>': function compiled as native:
  	Found an intrinsic not supported in managed code
F:\BasicCG\quizs\practice\ResolvingLinear\OpenMesh_EX\Eigen-3.2.8\Eigen\src\Core\arch\SSE\PacketMath.h(251): warning C4793: 'Eigen::internal::ploadu<__m128d>': function compiled as native:
  	Found an intrinsic not supported in managed code
F:\BasicCG\quizs\practice\ResolvingLinear\OpenMesh_EX\Eigen-3.2.8\Eigen\src\Core\arch\SSE\PacketMath.h(220): warning C4793: 'Eigen::internal::pload<__m128d>': function compiled as native:
  	Found an intrinsic not supported in managed code
F:\BasicCG\quizs\practice\ResolvingLinear\OpenMesh_EX\Eigen-3.2.8\Eigen\src\Core\arch\SSE\PacketMath.h(251): warning C4793: 'Eigen::internal::ploadu<__m128d>': function compiled as native:
  	Found an intrinsic not supported in managed code
F:\BasicCG\quizs\practice\ResolvingLinear\OpenMesh_EX\Eigen-3.2.8\Eigen\src\Core\arch\SSE\PacketMath.h(127): warning C4793: 'Eigen::internal::psub<__m128d>': function compiled as native:
  	Found an intrinsic not supported in managed code
F:\BasicCG\quizs\practice\ResolvingLinear\OpenMesh_EX\Eigen-3.2.8\Eigen\src\Core\arch\SSE\PacketMath.h(114): warning C4793: 'Eigen::internal::pset1<__m128d>': function compiled as native:
  	Found an intrinsic not supported in managed code
F:\BasicCG\quizs\practice\ResolvingLinear\OpenMesh_EX\Eigen-3.2.8\Eigen\src\Core\arch\SSE\PacketMath.h(220): warning C4793: 'Eigen::internal::pload<__m128d>': function compiled as native:
  	Found an intrinsic not supported in managed code
F:\BasicCG\quizs\practice\ResolvingLinear\OpenMesh_EX\Eigen-3.2.8\Eigen\src\Core\arch\SSE\PacketMath.h(251): warning C4793: 'Eigen::internal::ploadu<__m128d>': function compiled as native:
  	Found an intrinsic not supported in managed code
F:\BasicCG\quizs\practice\ResolvingLinear\OpenMesh_EX\Eigen-3.2.8\Eigen\src\Core\arch\SSE\PacketMath.h(220): warning C4793: 'Eigen::internal::pload<__m128d>': function compiled as native:
  	Found an intrinsic not supported in managed code
F:\BasicCG\quizs\practice\ResolvingLinear\OpenMesh_EX\Eigen-3.2.8\Eigen\src\Core\arch\SSE\PacketMath.h(251): warning C4793: 'Eigen::internal::ploadu<__m128d>': function compiled as native:
  	Found an intrinsic not supported in managed code
F:\BasicCG\quizs\practice\ResolvingLinear\OpenMesh_EX\Eigen-3.2.8\Eigen\src\Core\arch\SSE\PacketMath.h(115): warning C4793: 'Eigen::internal::pset1<__m128i>': function compiled as native:
  	Found an intrinsic not supported in managed code
F:\BasicCG\quizs\practice\ResolvingLinear\OpenMesh_EX\Eigen-3.2.8\Eigen\src\Core\arch\SSE\PacketMath.h(120): warning C4793: 'Eigen::internal::plset<int>': function compiled as native:
  	Found an intrinsic not supported in managed code
F:\BasicCG\quizs\practice\ResolvingLinear\OpenMesh_EX\Eigen-3.2.8\Eigen\src\Core\arch\SSE\PacketMath.h(120): warning C4793: 'Eigen::internal::plset<int>': function compiled as native:
  	Found an intrinsic not supported in managed code
F:\BasicCG\quizs\practice\ResolvingLinear\OpenMesh_EX\Eigen-3.2.8\Eigen\src\Core\arch\SSE\PacketMath.h(115): warning C4793: 'Eigen::internal::pset1<__m128i>': function compiled as native:
  	Found an intrinsic not supported in managed code
F:\BasicCG\quizs\practice\ResolvingLinear\OpenMesh_EX\Eigen-3.2.8\Eigen\src\Core\arch\SSE\PacketMath.h(115): warning C4793: 'Eigen::internal::pset1<__m128i>': function compiled as native:
  	Found an intrinsic not supported in managed code
F:\BasicCG\quizs\practice\ResolvingLinear\OpenMesh_EX\Eigen-3.2.8\Eigen\src\Core\arch\SSE\PacketMath.h(157): warning C4793: 'Eigen::internal::pmul<__m128i>': function compiled as native:
  	Found an intrinsic not supported in managed code
F:\BasicCG\quizs\practice\ResolvingLinear\OpenMesh_EX\Eigen-3.2.8\Eigen\src\Core\arch\SSE\PacketMath.h(157): warning C4793: 'Eigen::internal::pmul<__m128i>': function compiled as native:
  	Found an intrinsic not supported in managed code
F:\BasicCG\quizs\practice\ResolvingLinear\OpenMesh_EX\Eigen-3.2.8\Eigen\src\Core\arch\SSE\PacketMath.h(157): warning C4793: 'Eigen::internal::pmul<__m128i>': function compiled as native:
  	Found an intrinsic not supported in managed code
F:\BasicCG\quizs\practice\ResolvingLinear\OpenMesh_EX\Eigen-3.2.8\Eigen\src\Core\arch\SSE\PacketMath.h(157): warning C4793: 'Eigen::internal::pmul<__m128i>': function compiled as native:
  	Found an intrinsic not supported in managed code
F:\BasicCG\quizs\practice\ResolvingLinear\OpenMesh_EX\Eigen-3.2.8\Eigen\src\Core\arch\SSE\PacketMath.h(157): warning C4793: 'Eigen::internal::pmul<__m128i>': function compiled as native:
  	Found an intrinsic not supported in managed code
F:\BasicCG\quizs\practice\ResolvingLinear\OpenMesh_EX\Eigen-3.2.8\Eigen\src\Core\arch\SSE\PacketMath.h(157): warning C4793: 'Eigen::internal::pmul<__m128i>': function compiled as native:
  	Found an intrinsic not supported in managed code
F:\BasicCG\quizs\practice\ResolvingLinear\OpenMesh_EX\Eigen-3.2.8\Eigen\src\Core\arch\SSE\PacketMath.h(157): warning C4793: 'Eigen::internal::pmul<__m128i>': function compiled as native:
  	Found an intrinsic not supported in managed code
F:\BasicCG\quizs\practice\ResolvingLinear\OpenMesh_EX\Eigen-3.2.8\Eigen\src\Core\arch\SSE\PacketMath.h(157): warning C4793: 'Eigen::internal::pmul<__m128i>': function compiled as native:
  	Found an intrinsic not supported in managed code
F:\BasicCG\quizs\practice\ResolvingLinear\OpenMesh_EX\Eigen-3.2.8\Eigen\src\Core\arch\SSE\PacketMath.h(157): warning C4793: 'Eigen::internal::pmul<__m128i>': function compiled as native:
  	Found an intrinsic not supported in managed code
F:\BasicCG\quizs\practice\ResolvingLinear\OpenMesh_EX\Eigen-3.2.8\Eigen\src\Core\arch\SSE\PacketMath.h(115): warning C4793: 'Eigen::internal::pset1<__m128i>': function compiled as native:
  	Found an intrinsic not supported in managed code
F:\BasicCG\quizs\practice\ResolvingLinear\OpenMesh_EX\Eigen-3.2.8\Eigen\src\Core\arch\SSE\PacketMath.h(124): warning C4793: 'Eigen::internal::padd<__m128i>': function compiled as native:
  	Found an intrinsic not supported in managed code
F:\BasicCG\quizs\practice\ResolvingLinear\OpenMesh_EX\Eigen-3.2.8\Eigen\src\Core\arch\SSE\PacketMath.h(115): warning C4793: 'Eigen::internal::pset1<__m128i>': function compiled as native:
  	Found an intrinsic not supported in managed code
F:\BasicCG\quizs\practice\ResolvingLinear\OpenMesh_EX\Eigen-3.2.8\Eigen\src\Core\arch\SSE\PacketMath.h(120): warning C4793: 'Eigen::internal::plset<int>': function compiled as native:
  	Found an intrinsic not supported in managed code
F:\BasicCG\quizs\practice\ResolvingLinear\OpenMesh_EX\Eigen-3.2.8\Eigen\src\Core\arch\SSE\PacketMath.h(120): warning C4793: 'Eigen::internal::plset<int>': function compiled as native:
  	Found an intrinsic not supported in managed code
F:\BasicCG\quizs\practice\ResolvingLinear\OpenMesh_EX\Eigen-3.2.8\Eigen\src\Core\arch\SSE\PacketMath.h(115): warning C4793: 'Eigen::internal::pset1<__m128i>': function compiled as native:
  	Found an intrinsic not supported in managed code
F:\BasicCG\quizs\practice\ResolvingLinear\OpenMesh_EX\Eigen-3.2.8\Eigen\src\Core\arch\SSE\PacketMath.h(115): warning C4793: 'Eigen::internal::pset1<__m128i>': function compiled as native:
  	Found an intrinsic not supported in managed code
F:\BasicCG\quizs\practice\ResolvingLinear\OpenMesh_EX\Eigen-3.2.8\Eigen\src\Core\arch\SSE\PacketMath.h(157): warning C4793: 'Eigen::internal::pmul<__m128i>': function compiled as native:
  	Found an intrinsic not supported in managed code
F:\BasicCG\quizs\practice\ResolvingLinear\OpenMesh_EX\Eigen-3.2.8\Eigen\src\Core\arch\SSE\PacketMath.h(157): warning C4793: 'Eigen::internal::pmul<__m128i>': function compiled as native:
  	Found an intrinsic not supported in managed code
F:\BasicCG\quizs\practice\ResolvingLinear\OpenMesh_EX\Eigen-3.2.8\Eigen\src\Core\arch\SSE\PacketMath.h(157): warning C4793: 'Eigen::internal::pmul<__m128i>': function compiled as native:
  	Found an intrinsic not supported in managed code
F:\BasicCG\quizs\practice\ResolvingLinear\OpenMesh_EX\Eigen-3.2.8\Eigen\src\Core\arch\SSE\PacketMath.h(157): warning C4793: 'Eigen::internal::pmul<__m128i>': function compiled as native:
  	Found an intrinsic not supported in managed code
F:\BasicCG\quizs\practice\ResolvingLinear\OpenMesh_EX\Eigen-3.2.8\Eigen\src\Core\arch\SSE\PacketMath.h(157): warning C4793: 'Eigen::internal::pmul<__m128i>': function compiled as native:
  	Found an intrinsic not supported in managed code
F:\BasicCG\quizs\practice\ResolvingLinear\OpenMesh_EX\Eigen-3.2.8\Eigen\src\Core\arch\SSE\PacketMath.h(157): warning C4793: 'Eigen::internal::pmul<__m128i>': function compiled as native:
  	Found an intrinsic not supported in managed code
F:\BasicCG\quizs\practice\ResolvingLinear\OpenMesh_EX\Eigen-3.2.8\Eigen\src\Core\arch\SSE\PacketMath.h(157): warning C4793: 'Eigen::internal::pmul<__m128i>': function compiled as native:
  	Found an intrinsic not supported in managed code
F:\BasicCG\quizs\practice\ResolvingLinear\OpenMesh_EX\Eigen-3.2.8\Eigen\src\Core\arch\SSE\PacketMath.h(157): warning C4793: 'Eigen::internal::pmul<__m128i>': function compiled as native:
  	Found an intrinsic not supported in managed code
F:\BasicCG\quizs\practice\ResolvingLinear\OpenMesh_EX\Eigen-3.2.8\Eigen\src\Core\arch\SSE\PacketMath.h(157): warning C4793: 'Eigen::internal::pmul<__m128i>': function compiled as native:
  	Found an intrinsic not supported in managed code
F:\BasicCG\quizs\practice\ResolvingLinear\OpenMesh_EX\Eigen-3.2.8\Eigen\src\Core\arch\SSE\PacketMath.h(115): warning C4793: 'Eigen::internal::pset1<__m128i>': function compiled as native:
  	Found an intrinsic not supported in managed code
F:\BasicCG\quizs\practice\ResolvingLinear\OpenMesh_EX\Eigen-3.2.8\Eigen\src\Core\arch\SSE\PacketMath.h(124): warning C4793: 'Eigen::internal::padd<__m128i>': function compiled as native:
  	Found an intrinsic not supported in managed code
F:\BasicCG\quizs\practice\ResolvingLinear\OpenMesh_EX\Eigen-3.2.8\Eigen\src\Core\arch\SSE\PacketMath.h(221): warning C4793: 'Eigen::internal::pload<__m128i>': function compiled as native:
  	Found an intrinsic not supported in managed code
F:\BasicCG\quizs\practice\ResolvingLinear\OpenMesh_EX\Eigen-3.2.8\Eigen\src\Core\arch\SSE\PacketMath.h(256): warning C4793: 'Eigen::internal::ploadu<__m128i>': function compiled as native:
  	Found an intrinsic not supported in managed code
F:\BasicCG\quizs\practice\ResolvingLinear\OpenMesh_EX\Eigen-3.2.8\Eigen\src\Core\arch\SSE\PacketMath.h(419): warning C4793: 'Eigen::internal::predux<__m128i>': function compiled as native:
  	Found an intrinsic not supported in managed code
F:\BasicCG\quizs\practice\ResolvingLinear\OpenMesh_EX\Eigen-3.2.8\Eigen\src\Core\arch\SSE\PacketMath.h(419): warning C4793: 'Eigen::internal::predux<__m128i>': function compiled as native:
  	Found an intrinsic not supported in managed code
F:\BasicCG\quizs\practice\ResolvingLinear\OpenMesh_EX\Eigen-3.2.8\Eigen\src\Core\arch\SSE\PacketMath.h(420): warning C4793: 'Eigen::internal::predux<__m128i>': function compiled as native:
  	Found an intrinsic not supported in managed code
F:\BasicCG\quizs\practice\ResolvingLinear\OpenMesh_EX\Eigen-3.2.8\Eigen\src\Core\arch\SSE\PacketMath.h(312): warning C4793: 'Eigen::internal::pfirst<__m128i>': function compiled as native:
  	Found an intrinsic not supported in managed code
F:\BasicCG\quizs\practice\ResolvingLinear\OpenMesh_EX\Eigen-3.2.8\Eigen\src\Core\arch\SSE\PacketMath.h(312): warning C4793: 'Eigen::internal::pfirst<__m128i>': function compiled as native:
  	Found an intrinsic not supported in managed code
F:\BasicCG\quizs\practice\ResolvingLinear\OpenMesh_EX\Eigen-3.2.8\Eigen\src\Core\arch\SSE\PacketMath.h(275): warning C4793: 'Eigen::internal::pstore<int,__m128i>': function compiled as native:
  	Found an intrinsic not supported in managed code
F:\BasicCG\quizs\practice\ResolvingLinear\OpenMesh_EX\Eigen-3.2.8\Eigen\src\Core\arch\SSE\PacketMath.h(274): warning C4793: 'Eigen::internal::pstore<double,__m128d>': function compiled as native:
  	Found an intrinsic not supported in managed code
F:\BasicCG\quizs\practice\ResolvingLinear\OpenMesh_EX\Eigen-3.2.8\Eigen\src\Core\arch\SSE\PacketMath.h(221): warning C4793: 'Eigen::internal::pload<__m128i>': function compiled as native:
  	Found an intrinsic not supported in managed code
F:\BasicCG\quizs\practice\ResolvingLinear\OpenMesh_EX\Eigen-3.2.8\Eigen\src\Core\arch\SSE\PacketMath.h(256): warning C4793: 'Eigen::internal::ploadu<__m128i>': function compiled as native:
  	Found an intrinsic not supported in managed code
F:\BasicCG\quizs\practice\ResolvingLinear\OpenMesh_EX\Eigen-3.2.8\Eigen\src\Core\arch\SSE\PacketMath.h(220): warning C4793: 'Eigen::internal::pload<__m128d>': function compiled as native:
  	Found an intrinsic not supported in managed code
F:\BasicCG\quizs\practice\ResolvingLinear\OpenMesh_EX\Eigen-3.2.8\Eigen\src\Core\arch\SSE\PacketMath.h(251): warning C4793: 'Eigen::internal::ploadu<__m128d>': function compiled as native:
  	Found an intrinsic not supported in managed code
F:\BasicCG\quizs\practice\ResolvingLinear\OpenMesh_EX\Eigen-3.2.8\Eigen\src\Core\arch\SSE\PacketMath.h(220): warning C4793: 'Eigen::internal::pload<__m128d>': function compiled as native:
  	Found an intrinsic not supported in managed code
F:\BasicCG\quizs\practice\ResolvingLinear\OpenMesh_EX\Eigen-3.2.8\Eigen\src\Core\arch\SSE\PacketMath.h(251): warning C4793: 'Eigen::internal::ploadu<__m128d>': function compiled as native:
  	Found an intrinsic not supported in managed code
F:\BasicCG\quizs\practice\ResolvingLinear\OpenMesh_EX\Eigen-3.2.8\Eigen\src\Core\arch\SSE\PacketMath.h(115): warning C4793: 'Eigen::internal::pset1<__m128i>': function compiled as native:
  	Found an intrinsic not supported in managed code
F:\BasicCG\quizs\practice\ResolvingLinear\OpenMesh_EX\Eigen-3.2.8\Eigen\src\Core\arch\SSE\PacketMath.h(120): warning C4793: 'Eigen::internal::plset<int>': function compiled as native:
  	Found an intrinsic not supported in managed code
F:\BasicCG\quizs\practice\ResolvingLinear\OpenMesh_EX\Eigen-3.2.8\Eigen\src\Core\arch\SSE\PacketMath.h(120): warning C4793: 'Eigen::internal::plset<int>': function compiled as native:
  	Found an intrinsic not supported in managed code
F:\BasicCG\quizs\practice\ResolvingLinear\OpenMesh_EX\Eigen-3.2.8\Eigen\src\Core\arch\SSE\PacketMath.h(115): warning C4793: 'Eigen::internal::pset1<__m128i>': function compiled as native:
  	Found an intrinsic not supported in managed code
F:\BasicCG\quizs\practice\ResolvingLinear\OpenMesh_EX\Eigen-3.2.8\Eigen\src\Core\arch\SSE\PacketMath.h(115): warning C4793: 'Eigen::internal::pset1<__m128i>': function compiled as native:
  	Found an intrinsic not supported in managed code
F:\BasicCG\quizs\practice\ResolvingLinear\OpenMesh_EX\Eigen-3.2.8\Eigen\src\Core\arch\SSE\PacketMath.h(157): warning C4793: 'Eigen::internal::pmul<__m128i>': function compiled as native:
  	Found an intrinsic not supported in managed code
F:\BasicCG\quizs\practice\ResolvingLinear\OpenMesh_EX\Eigen-3.2.8\Eigen\src\Core\arch\SSE\PacketMath.h(157): warning C4793: 'Eigen::internal::pmul<__m128i>': function compiled as native:
  	Found an intrinsic not supported in managed code
F:\BasicCG\quizs\practice\ResolvingLinear\OpenMesh_EX\Eigen-3.2.8\Eigen\src\Core\arch\SSE\PacketMath.h(157): warning C4793: 'Eigen::internal::pmul<__m128i>': function compiled as native:
  	Found an intrinsic not supported in managed code
F:\BasicCG\quizs\practice\ResolvingLinear\OpenMesh_EX\Eigen-3.2.8\Eigen\src\Core\arch\SSE\PacketMath.h(157): warning C4793: 'Eigen::internal::pmul<__m128i>': function compiled as native:
  	Found an intrinsic not supported in managed code
F:\BasicCG\quizs\practice\ResolvingLinear\OpenMesh_EX\Eigen-3.2.8\Eigen\src\Core\arch\SSE\PacketMath.h(157): warning C4793: 'Eigen::internal::pmul<__m128i>': function compiled as native:
  	Found an intrinsic not supported in managed code
F:\BasicCG\quizs\practice\ResolvingLinear\OpenMesh_EX\Eigen-3.2.8\Eigen\src\Core\arch\SSE\PacketMath.h(157): warning C4793: 'Eigen::internal::pmul<__m128i>': function compiled as native:
  	Found an intrinsic not supported in managed code
F:\BasicCG\quizs\practice\ResolvingLinear\OpenMesh_EX\Eigen-3.2.8\Eigen\src\Core\arch\SSE\PacketMath.h(157): warning C4793: 'Eigen::internal::pmul<__m128i>': function compiled as native:
  	Found an intrinsic not supported in managed code
F:\BasicCG\quizs\practice\ResolvingLinear\OpenMesh_EX\Eigen-3.2.8\Eigen\src\Core\arch\SSE\PacketMath.h(157): warning C4793: 'Eigen::internal::pmul<__m128i>': function compiled as native:
  	Found an intrinsic not supported in managed code
F:\BasicCG\quizs\practice\ResolvingLinear\OpenMesh_EX\Eigen-3.2.8\Eigen\src\Core\arch\SSE\PacketMath.h(157): warning C4793: 'Eigen::internal::pmul<__m128i>': function compiled as native:
  	Found an intrinsic not supported in managed code
F:\BasicCG\quizs\practice\ResolvingLinear\OpenMesh_EX\Eigen-3.2.8\Eigen\src\Core\arch\SSE\PacketMath.h(115): warning C4793: 'Eigen::internal::pset1<__m128i>': function compiled as native:
  	Found an intrinsic not supported in managed code
F:\BasicCG\quizs\practice\ResolvingLinear\OpenMesh_EX\Eigen-3.2.8\Eigen\src\Core\arch\SSE\PacketMath.h(124): warning C4793: 'Eigen::internal::padd<__m128i>': function compiled as native:
  	Found an intrinsic not supported in managed code
F:\BasicCG\quizs\practice\ResolvingLinear\OpenMesh_EX\Eigen-3.2.8\Eigen\src\Core\arch\SSE\PacketMath.h(124): warning C4793: 'Eigen::internal::padd<__m128i>': function compiled as native:
  	Found an intrinsic not supported in managed code
F:\BasicCG\quizs\practice\ResolvingLinear\OpenMesh_EX\Eigen-3.2.8\Eigen\src\Core\arch\SSE\PacketMath.h(115): warning C4793: 'Eigen::internal::pset1<__m128i>': function compiled as native:
  	Found an intrinsic not supported in managed code
F:\BasicCG\quizs\practice\ResolvingLinear\OpenMesh_EX\Eigen-3.2.8\Eigen\src\Core\arch\SSE\PacketMath.h(124): warning C4793: 'Eigen::internal::padd<__m128i>': function compiled as native:
  	Found an intrinsic not supported in managed code
F:\BasicCG\quizs\practice\ResolvingLinear\OpenMesh_EX\Eigen-3.2.8\Eigen\src\Core\arch\SSE\PacketMath.h(124): warning C4793: 'Eigen::internal::padd<__m128i>': function compiled as native:
  	Found an intrinsic not supported in managed code
  OpenMesh_EX.vcxproj -> F:\BasicCG\quizs\practice\ResolvingLinear\OpenMesh_EX\Release\OpenMesh_EX.exe
